2018-04-02 14:57:09,069  INFO SpringboottemplateApplication:48 - Starting SpringboottemplateApplication on LAPTOP-H4L5Q8UD with PID 1584 (E:\IdeaProjects\SpringBootProjects\springboottemplate\target\classes started by 钟超 in E:\IdeaProjects\SpringBootProjects\springboottemplate)
2018-04-02 14:57:09,075  INFO SpringboottemplateApplication:664 - No active profile set, falling back to default profiles: default
2018-04-02 14:57:09,197  INFO AnnotationConfigEmbeddedWebApplicationContext:578 - Refreshing org.springframework.boot.context.embedded.AnnotationConfigEmbeddedWebApplicationContext@4abdb505: startup date [Mon Apr 02 14:57:09 CST 2018]; root of context hierarchy
2018-04-02 14:57:09,414  INFO Version:17 - HV000001: Hibernate Validator 5.2.2.Final
2018-04-02 14:57:10,236  INFO DefaultListableBeanFactory:839 - Overriding bean definition for bean 'beanNameViewResolver' with a different definition: replacing [Root bean: class [null]; scope=; abstract=false; lazyInit=false; autowireMode=3; dependencyCheck=0; autowireCandidate=true; primary=false; factoryBeanName=org.springframework.boot.autoconfigure.web.ErrorMvcAutoConfiguration$WhitelabelErrorViewConfiguration; factoryMethodName=beanNameViewResolver; initMethodName=null; destroyMethodName=(inferred); defined in class path resource [org/springframework/boot/autoconfigure/web/ErrorMvcAutoConfiguration$WhitelabelErrorViewConfiguration.class]] with [Root bean: class [null]; scope=; abstract=false; lazyInit=false; autowireMode=3; dependencyCheck=0; autowireCandidate=true; primary=false; factoryBeanName=org.springframework.boot.autoconfigure.web.WebMvcAutoConfiguration$WebMvcAutoConfigurationAdapter; factoryMethodName=beanNameViewResolver; initMethodName=null; destroyMethodName=(inferred); defined in class path resource [org/springframework/boot/autoconfigure/web/WebMvcAutoConfiguration$WebMvcAutoConfigurationAdapter.class]]
2018-04-02 14:57:10,648  INFO PostProcessorRegistrationDelegate$BeanPostProcessorChecker:328 - Bean 'org.springframework.transaction.annotation.ProxyTransactionManagementConfiguration' of type [class org.springframework.transaction.annotation.ProxyTransactionManagementConfiguration$$EnhancerBySpringCGLIB$$44243fdc] is not eligible for getting processed by all BeanPostProcessors (for example: not eligible for auto-proxying)
2018-04-02 14:57:11,431  INFO TomcatEmbeddedServletContainer:81 - Tomcat initialized with port(s): 8080 (http)
2018-04-02 14:57:11,445  INFO StandardService:180 - Starting service Tomcat
2018-04-02 14:57:11,446  INFO StandardEngine:180 - Starting Servlet Engine: Apache Tomcat/8.0.30
2018-04-02 14:57:11,559  INFO [/]:180 - Initializing Spring embedded WebApplicationContext
2018-04-02 14:57:11,559  INFO ContextLoader:272 - Root WebApplicationContext: initialization completed in 2368 ms
2018-04-02 14:57:11,930  INFO FilterRegistrationBean:258 - Mapping filter: 'characterEncodingFilter' to: [/*]
2018-04-02 14:57:11,931  INFO FilterRegistrationBean:258 - Mapping filter: 'hiddenHttpMethodFilter' to: [/*]
2018-04-02 14:57:11,931  INFO FilterRegistrationBean:258 - Mapping filter: 'httpPutFormContentFilter' to: [/*]
2018-04-02 14:57:11,931  INFO FilterRegistrationBean:258 - Mapping filter: 'requestContextFilter' to: [/*]
2018-04-02 14:57:11,932  INFO DelegatingFilterProxyRegistrationBean:258 - Mapping filter: 'springSecurityFilterChain' to: [/*]
2018-04-02 14:57:11,933  INFO ServletRegistrationBean:189 - Mapping servlet: 'dispatcherServlet' to [/]
2018-04-02 14:57:12,364  INFO DefaultSecurityFilterChain:28 - Creating filter chain: org.springframework.security.web.util.matcher.AnyRequestMatcher@1, [org.springframework.security.web.context.request.async.WebAsyncManagerIntegrationFilter@ea5c064, org.springframework.security.web.context.SecurityContextPersistenceFilter@7c4a3923, org.springframework.security.web.header.HeaderWriterFilter@6eba8e7b, org.springframework.security.web.csrf.CsrfFilter@3af3b33d, org.springframework.security.web.authentication.logout.LogoutFilter@4429aa4d, org.springframework.security.web.authentication.UsernamePasswordAuthenticationFilter@6e4c1066, org.springframework.security.web.savedrequest.RequestCacheAwareFilter@7152ddbb, org.springframework.security.web.servletapi.SecurityContextHolderAwareRequestFilter@7ac9a06e, org.springframework.security.web.authentication.AnonymousAuthenticationFilter@4aa6f16f, org.springframework.security.web.session.SessionManagementFilter@c761e9, org.springframework.security.web.access.ExceptionTranslationFilter@557951c1, org.springframework.security.web.access.intercept.FilterSecurityInterceptor@3c8da305]
2018-04-02 14:57:12,775  INFO RequestMappingHandlerAdapter:532 - Looking for @ControllerAdvice: org.springframework.boot.context.embedded.AnnotationConfigEmbeddedWebApplicationContext@4abdb505: startup date [Mon Apr 02 14:57:09 CST 2018]; root of context hierarchy
2018-04-02 14:57:12,840  INFO RequestMappingHandlerMapping:527 - Mapped "{[/hello],methods=[GET]}" onto public java.lang.String com.ifox.springboottemplate.controller.HelloController.hello(java.lang.String)
2018-04-02 14:57:12,843  INFO RequestMappingHandlerMapping:527 - Mapped "{[/error]}" onto public org.springframework.http.ResponseEntity<java.util.Map<java.lang.String, java.lang.Object>> org.springframework.boot.autoconfigure.web.BasicErrorController.error(javax.servlet.http.HttpServletRequest)
2018-04-02 14:57:12,843  INFO RequestMappingHandlerMapping:527 - Mapped "{[/error],produces=[text/html]}" onto public org.springframework.web.servlet.ModelAndView org.springframework.boot.autoconfigure.web.BasicErrorController.errorHtml(javax.servlet.http.HttpServletRequest,javax.servlet.http.HttpServletResponse)
2018-04-02 14:57:12,869  INFO SimpleUrlHandlerMapping:341 - Mapped URL path [/webjars/**] onto handler of type [class org.springframework.web.servlet.resource.ResourceHttpRequestHandler]
2018-04-02 14:57:12,869  INFO SimpleUrlHandlerMapping:341 - Mapped URL path [/**] onto handler of type [class org.springframework.web.servlet.resource.ResourceHttpRequestHandler]
2018-04-02 14:57:12,900  INFO SimpleUrlHandlerMapping:341 - Mapped URL path [/**/favicon.ico] onto handler of type [class org.springframework.web.servlet.resource.ResourceHttpRequestHandler]
2018-04-02 14:57:13,290  INFO AnnotationMBeanExporter:431 - Registering beans for JMX exposure on startup
2018-04-02 14:57:13,353  INFO Http11NioProtocol:180 - Initializing ProtocolHandler ["http-nio-8080"]
2018-04-02 14:57:13,356  INFO Http11NioProtocol:180 - Starting ProtocolHandler ["http-nio-8080"]
2018-04-02 14:57:13,368  INFO NioSelectorPool:180 - Using a shared selector for servlet write/read
2018-04-02 14:57:13,380  INFO TomcatEmbeddedServletContainer:162 - Tomcat started on port(s): 8080 (http)
2018-04-02 14:57:13,382  INFO SpringboottemplateApplication:57 - Started SpringboottemplateApplication in 5.043 seconds (JVM running for 6.388)
2018-04-02 14:57:44,207  INFO [/]:180 - Initializing Spring FrameworkServlet 'dispatcherServlet'
2018-04-02 14:57:44,208  INFO DispatcherServlet:489 - FrameworkServlet 'dispatcherServlet': initialization started
2018-04-02 14:57:44,246  INFO DispatcherServlet:508 - FrameworkServlet 'dispatcherServlet': initialization completed in 37 ms
2018-04-02 15:01:32,444  INFO AbstractContextLoader:242 - Could not detect default resource locations for test class [com.ifox.springboottemplate.SpringboottemplateApplicationTests]: no resource found for suffixes {-context.xml, Context.groovy}.
2018-04-02 15:01:32,464  INFO DefaultTestContextBootstrapper:259 - Loaded default TestExecutionListener class names from location [META-INF/spring.factories]: [org.springframework.test.context.web.ServletTestExecutionListener, org.springframework.test.context.support.DirtiesContextBeforeModesTestExecutionListener, org.springframework.test.context.support.DependencyInjectionTestExecutionListener, org.springframework.test.context.support.DirtiesContextTestExecutionListener, org.springframework.test.context.transaction.TransactionalTestExecutionListener, org.springframework.test.context.jdbc.SqlScriptsTestExecutionListener]
2018-04-02 15:01:32,518  INFO DefaultTestContextBootstrapper:185 - Using TestExecutionListeners: [org.springframework.test.context.web.ServletTestExecutionListener@239963d8, org.springframework.test.context.support.DirtiesContextBeforeModesTestExecutionListener@3abbfa04, org.springframework.test.context.support.DependencyInjectionTestExecutionListener@57fffcd7, org.springframework.test.context.support.DirtiesContextTestExecutionListener@31ef45e3, org.springframework.test.context.transaction.TransactionalTestExecutionListener@598067a5, org.springframework.test.context.jdbc.SqlScriptsTestExecutionListener@3c0ecd4b]
2018-04-02 15:01:33,149  INFO SpringboottemplateApplicationTests:48 - Starting SpringboottemplateApplicationTests on LAPTOP-H4L5Q8UD with PID 13096 (E:\IdeaProjects\SpringBootProjects\springboottemplate\target\test-classes started by 钟超 in E:\IdeaProjects\SpringBootProjects\springboottemplate)
2018-04-02 15:01:33,149  INFO SpringboottemplateApplicationTests:664 - No active profile set, falling back to default profiles: default
2018-04-02 15:01:33,202  INFO AnnotationConfigApplicationContext:578 - Refreshing org.springframework.context.annotation.AnnotationConfigApplicationContext@1d082e88: startup date [Mon Apr 02 15:01:33 CST 2018]; root of context hierarchy
2018-04-02 15:01:33,607  INFO Version:17 - HV000001: Hibernate Validator 5.2.2.Final
2018-04-02 15:01:35,556  INFO DefaultSecurityFilterChain:28 - Creating filter chain: org.springframework.security.web.util.matcher.AnyRequestMatcher@1, [org.springframework.security.web.context.request.async.WebAsyncManagerIntegrationFilter@a619c2, org.springframework.security.web.context.SecurityContextPersistenceFilter@34237b90, org.springframework.security.web.header.HeaderWriterFilter@7a94b64e, org.springframework.security.web.csrf.CsrfFilter@456be73c, org.springframework.security.web.authentication.logout.LogoutFilter@267bbe1a, org.springframework.security.web.authentication.UsernamePasswordAuthenticationFilter@4d8539de, org.springframework.security.web.savedrequest.RequestCacheAwareFilter@4a31c2ee, org.springframework.security.web.servletapi.SecurityContextHolderAwareRequestFilter@759d81f3, org.springframework.security.web.authentication.AnonymousAuthenticationFilter@648ee871, org.springframework.security.web.session.SessionManagementFilter@12477988, org.springframework.security.web.access.ExceptionTranslationFilter@7e97551f, org.springframework.security.web.access.intercept.FilterSecurityInterceptor@1ec7d8b3]
2018-04-02 15:01:36,029  INFO SpringboottemplateApplicationTests:57 - Started SpringboottemplateApplicationTests in 3.283 seconds (JVM running for 4.197)
2018-04-02 15:01:36,468  INFO TransactionContext:101 - Began transaction (1) for test context [DefaultTestContext@7ee3d262 testClass = SpringboottemplateApplicationTests, testInstance = com.ifox.springboottemplate.SpringboottemplateApplicationTests@396e6d9, testMethod = getHello@SpringboottemplateApplicationTests, testException = [null], mergedContextConfiguration = [MergedContextConfiguration@67440de6 testClass = SpringboottemplateApplicationTests, locations = '{}', classes = '{class com.ifox.springboottemplate.SpringboottemplateApplication}', contextInitializerClasses = '[]', activeProfiles = '{}', propertySourceLocations = '{}', propertySourceProperties = '{}', contextLoader = 'org.springframework.boot.test.SpringApplicationContextLoader', parent = [null]]]; transaction manager [org.springframework.jdbc.datasource.DataSourceTransactionManager@75308740]; rollback [true]
2018-04-02 15:01:36,623  INFO StandaloneMockMvcBuilder$StaticRequestMappingHandlerMapping:527 - Mapped "{[/]}" onto public java.lang.String com.ifox.springboottemplate.controller.HelloController.index()
2018-04-02 15:01:36,624  INFO StandaloneMockMvcBuilder$StaticRequestMappingHandlerMapping:527 - Mapped "{[/login],methods=[GET]}" onto public java.lang.String com.ifox.springboottemplate.controller.HelloController.login()
2018-04-02 15:01:36,624  INFO StandaloneMockMvcBuilder$StaticRequestMappingHandlerMapping:527 - Mapped "{[/hello]}" onto public java.lang.String com.ifox.springboottemplate.controller.HelloController.hello()
2018-04-02 15:01:36,647  INFO RequestMappingHandlerAdapter:532 - Looking for @ControllerAdvice: org.springframework.test.web.servlet.setup.StubWebApplicationContext@62a4417
2018-04-02 15:01:36,695  INFO MockServletContext:443 - Initializing Spring FrameworkServlet ''
2018-04-02 15:01:36,695  INFO TestDispatcherServlet:489 - FrameworkServlet '': initialization started
2018-04-02 15:01:36,697  INFO TestDispatcherServlet:508 - FrameworkServlet '': initialization completed in 1 ms
2018-04-02 15:01:36,757  INFO TransactionContext:136 - Rolled back transaction for test context [DefaultTestContext@7ee3d262 testClass = SpringboottemplateApplicationTests, testInstance = com.ifox.springboottemplate.SpringboottemplateApplicationTests@396e6d9, testMethod = getHello@SpringboottemplateApplicationTests, testException = java.lang.AssertionError: Response content
Expected: "Hello World"
     but: was "hello", mergedContextConfiguration = [MergedContextConfiguration@67440de6 testClass = SpringboottemplateApplicationTests, locations = '{}', classes = '{class com.ifox.springboottemplate.SpringboottemplateApplication}', contextInitializerClasses = '[]', activeProfiles = '{}', propertySourceLocations = '{}', propertySourceProperties = '{}', contextLoader = 'org.springframework.boot.test.SpringApplicationContextLoader', parent = [null]]].
2018-04-02 15:01:36,762  INFO AnnotationConfigApplicationContext:960 - Closing org.springframework.context.annotation.AnnotationConfigApplicationContext@1d082e88: startup date [Mon Apr 02 15:01:33 CST 2018]; root of context hierarchy
2018-04-02 15:02:54,383  INFO AbstractContextLoader:242 - Could not detect default resource locations for test class [com.ifox.springboottemplate.SpringboottemplateApplicationTests]: no resource found for suffixes {-context.xml, Context.groovy}.
2018-04-02 15:02:54,401  INFO DefaultTestContextBootstrapper:259 - Loaded default TestExecutionListener class names from location [META-INF/spring.factories]: [org.springframework.test.context.web.ServletTestExecutionListener, org.springframework.test.context.support.DirtiesContextBeforeModesTestExecutionListener, org.springframework.test.context.support.DependencyInjectionTestExecutionListener, org.springframework.test.context.support.DirtiesContextTestExecutionListener, org.springframework.test.context.transaction.TransactionalTestExecutionListener, org.springframework.test.context.jdbc.SqlScriptsTestExecutionListener]
2018-04-02 15:02:54,417  INFO DefaultTestContextBootstrapper:185 - Using TestExecutionListeners: [org.springframework.test.context.web.ServletTestExecutionListener@239963d8, org.springframework.test.context.support.DirtiesContextBeforeModesTestExecutionListener@3abbfa04, org.springframework.test.context.support.DependencyInjectionTestExecutionListener@57fffcd7, org.springframework.test.context.support.DirtiesContextTestExecutionListener@31ef45e3, org.springframework.test.context.transaction.TransactionalTestExecutionListener@598067a5, org.springframework.test.context.jdbc.SqlScriptsTestExecutionListener@3c0ecd4b]
2018-04-02 15:02:54,779  INFO SpringboottemplateApplicationTests:48 - Starting SpringboottemplateApplicationTests on LAPTOP-H4L5Q8UD with PID 3112 (E:\IdeaProjects\SpringBootProjects\springboottemplate\target\test-classes started by 钟超 in E:\IdeaProjects\SpringBootProjects\springboottemplate)
2018-04-02 15:02:54,780  INFO SpringboottemplateApplicationTests:664 - No active profile set, falling back to default profiles: default
2018-04-02 15:02:54,837  INFO AnnotationConfigApplicationContext:578 - Refreshing org.springframework.context.annotation.AnnotationConfigApplicationContext@7d3a22a9: startup date [Mon Apr 02 15:02:54 CST 2018]; root of context hierarchy
2018-04-02 15:02:55,294  INFO Version:17 - HV000001: Hibernate Validator 5.2.2.Final
2018-04-02 15:02:57,510  INFO DefaultSecurityFilterChain:28 - Creating filter chain: org.springframework.security.web.util.matcher.AnyRequestMatcher@1, [org.springframework.security.web.context.request.async.WebAsyncManagerIntegrationFilter@70325d20, org.springframework.security.web.context.SecurityContextPersistenceFilter@759d81f3, org.springframework.security.web.header.HeaderWriterFilter@1d01dfa5, org.springframework.security.web.csrf.CsrfFilter@411291e5, org.springframework.security.web.authentication.logout.LogoutFilter@3a60c416, org.springframework.security.web.authentication.UsernamePasswordAuthenticationFilter@378bd86d, org.springframework.security.web.savedrequest.RequestCacheAwareFilter@5a4c638d, org.springframework.security.web.servletapi.SecurityContextHolderAwareRequestFilter@1f12e153, org.springframework.security.web.authentication.AnonymousAuthenticationFilter@7c2327fa, org.springframework.security.web.session.SessionManagementFilter@d400943, org.springframework.security.web.access.ExceptionTranslationFilter@2caf6912, org.springframework.security.web.access.intercept.FilterSecurityInterceptor@67207d8a]
2018-04-02 15:02:57,982  INFO SpringboottemplateApplicationTests:57 - Started SpringboottemplateApplicationTests in 3.476 seconds (JVM running for 4.191)
2018-04-02 15:02:58,355  INFO TransactionContext:101 - Began transaction (1) for test context [DefaultTestContext@6dd82486 testClass = SpringboottemplateApplicationTests, testInstance = com.ifox.springboottemplate.SpringboottemplateApplicationTests@56078cea, testMethod = getHello@SpringboottemplateApplicationTests, testException = [null], mergedContextConfiguration = [MergedContextConfiguration@4682eba5 testClass = SpringboottemplateApplicationTests, locations = '{}', classes = '{class com.ifox.springboottemplate.SpringboottemplateApplication}', contextInitializerClasses = '[]', activeProfiles = '{}', propertySourceLocations = '{}', propertySourceProperties = '{}', contextLoader = 'org.springframework.boot.test.SpringApplicationContextLoader', parent = [null]]]; transaction manager [org.springframework.jdbc.datasource.DataSourceTransactionManager@5a00eb1e]; rollback [true]
2018-04-02 15:02:58,462  INFO StandaloneMockMvcBuilder$StaticRequestMappingHandlerMapping:527 - Mapped "{[/]}" onto public java.lang.String com.ifox.springboottemplate.controller.HelloController.index()
2018-04-02 15:02:58,463  INFO StandaloneMockMvcBuilder$StaticRequestMappingHandlerMapping:527 - Mapped "{[/login],methods=[GET]}" onto public java.lang.String com.ifox.springboottemplate.controller.HelloController.login()
2018-04-02 15:02:58,463  INFO StandaloneMockMvcBuilder$StaticRequestMappingHandlerMapping:527 - Mapped "{[/hello]}" onto public java.lang.String com.ifox.springboottemplate.controller.HelloController.hello()
2018-04-02 15:02:58,483  INFO RequestMappingHandlerAdapter:532 - Looking for @ControllerAdvice: org.springframework.test.web.servlet.setup.StubWebApplicationContext@7aa9e414
2018-04-02 15:02:58,524  INFO MockServletContext:443 - Initializing Spring FrameworkServlet ''
2018-04-02 15:02:58,524  INFO TestDispatcherServlet:489 - FrameworkServlet '': initialization started
2018-04-02 15:02:58,529  INFO TestDispatcherServlet:508 - FrameworkServlet '': initialization completed in 3 ms
2018-04-02 15:02:58,619  INFO TransactionContext:136 - Rolled back transaction for test context [DefaultTestContext@6dd82486 testClass = SpringboottemplateApplicationTests, testInstance = com.ifox.springboottemplate.SpringboottemplateApplicationTests@56078cea, testMethod = getHello@SpringboottemplateApplicationTests, testException = java.lang.AssertionError: Response content
Expected: "Hello World"
     but: was "hello", mergedContextConfiguration = [MergedContextConfiguration@4682eba5 testClass = SpringboottemplateApplicationTests, locations = '{}', classes = '{class com.ifox.springboottemplate.SpringboottemplateApplication}', contextInitializerClasses = '[]', activeProfiles = '{}', propertySourceLocations = '{}', propertySourceProperties = '{}', contextLoader = 'org.springframework.boot.test.SpringApplicationContextLoader', parent = [null]]].
2018-04-02 15:02:58,625  INFO AnnotationConfigApplicationContext:960 - Closing org.springframework.context.annotation.AnnotationConfigApplicationContext@7d3a22a9: startup date [Mon Apr 02 15:02:54 CST 2018]; root of context hierarchy
2018-04-02 15:03:29,243  INFO AbstractContextLoader:242 - Could not detect default resource locations for test class [com.ifox.springboottemplate.SpringboottemplateApplicationTests]: no resource found for suffixes {-context.xml, Context.groovy}.
2018-04-02 15:03:29,262  INFO DefaultTestContextBootstrapper:259 - Loaded default TestExecutionListener class names from location [META-INF/spring.factories]: [org.springframework.test.context.web.ServletTestExecutionListener, org.springframework.test.context.support.DirtiesContextBeforeModesTestExecutionListener, org.springframework.test.context.support.DependencyInjectionTestExecutionListener, org.springframework.test.context.support.DirtiesContextTestExecutionListener, org.springframework.test.context.transaction.TransactionalTestExecutionListener, org.springframework.test.context.jdbc.SqlScriptsTestExecutionListener]
2018-04-02 15:03:29,278  INFO DefaultTestContextBootstrapper:185 - Using TestExecutionListeners: [org.springframework.test.context.web.ServletTestExecutionListener@239963d8, org.springframework.test.context.support.DirtiesContextBeforeModesTestExecutionListener@3abbfa04, org.springframework.test.context.support.DependencyInjectionTestExecutionListener@57fffcd7, org.springframework.test.context.support.DirtiesContextTestExecutionListener@31ef45e3, org.springframework.test.context.transaction.TransactionalTestExecutionListener@598067a5, org.springframework.test.context.jdbc.SqlScriptsTestExecutionListener@3c0ecd4b]
2018-04-02 15:03:29,661  INFO SpringboottemplateApplicationTests:48 - Starting SpringboottemplateApplicationTests on LAPTOP-H4L5Q8UD with PID 3860 (E:\IdeaProjects\SpringBootProjects\springboottemplate\target\test-classes started by 钟超 in E:\IdeaProjects\SpringBootProjects\springboottemplate)
2018-04-02 15:03:29,661  INFO SpringboottemplateApplicationTests:664 - No active profile set, falling back to default profiles: default
2018-04-02 15:03:29,782  INFO AnnotationConfigApplicationContext:578 - Refreshing org.springframework.context.annotation.AnnotationConfigApplicationContext@1d082e88: startup date [Mon Apr 02 15:03:29 CST 2018]; root of context hierarchy
2018-04-02 15:03:30,185  INFO Version:17 - HV000001: Hibernate Validator 5.2.2.Final
2018-04-02 15:03:32,478  INFO DefaultSecurityFilterChain:28 - Creating filter chain: org.springframework.security.web.util.matcher.AnyRequestMatcher@1, [org.springframework.security.web.context.request.async.WebAsyncManagerIntegrationFilter@a619c2, org.springframework.security.web.context.SecurityContextPersistenceFilter@34237b90, org.springframework.security.web.header.HeaderWriterFilter@7a94b64e, org.springframework.security.web.csrf.CsrfFilter@456be73c, org.springframework.security.web.authentication.logout.LogoutFilter@267bbe1a, org.springframework.security.web.authentication.UsernamePasswordAuthenticationFilter@4d8539de, org.springframework.security.web.savedrequest.RequestCacheAwareFilter@4a31c2ee, org.springframework.security.web.servletapi.SecurityContextHolderAwareRequestFilter@759d81f3, org.springframework.security.web.authentication.AnonymousAuthenticationFilter@648ee871, org.springframework.security.web.session.SessionManagementFilter@12477988, org.springframework.security.web.access.ExceptionTranslationFilter@7e97551f, org.springframework.security.web.access.intercept.FilterSecurityInterceptor@1ec7d8b3]
2018-04-02 15:03:32,908  INFO SpringboottemplateApplicationTests:57 - Started SpringboottemplateApplicationTests in 3.5 seconds (JVM running for 4.33)
2018-04-02 15:03:33,279  INFO TransactionContext:101 - Began transaction (1) for test context [DefaultTestContext@7ee3d262 testClass = SpringboottemplateApplicationTests, testInstance = com.ifox.springboottemplate.SpringboottemplateApplicationTests@396e6d9, testMethod = getHello@SpringboottemplateApplicationTests, testException = [null], mergedContextConfiguration = [MergedContextConfiguration@67440de6 testClass = SpringboottemplateApplicationTests, locations = '{}', classes = '{class com.ifox.springboottemplate.SpringboottemplateApplication}', contextInitializerClasses = '[]', activeProfiles = '{}', propertySourceLocations = '{}', propertySourceProperties = '{}', contextLoader = 'org.springframework.boot.test.SpringApplicationContextLoader', parent = [null]]]; transaction manager [org.springframework.jdbc.datasource.DataSourceTransactionManager@75308740]; rollback [true]
2018-04-02 15:03:33,398  INFO StandaloneMockMvcBuilder$StaticRequestMappingHandlerMapping:527 - Mapped "{[/]}" onto public java.lang.String com.ifox.springboottemplate.controller.HelloController.index()
2018-04-02 15:03:33,399  INFO StandaloneMockMvcBuilder$StaticRequestMappingHandlerMapping:527 - Mapped "{[/hello]}" onto public java.lang.String com.ifox.springboottemplate.controller.HelloController.hello()
2018-04-02 15:03:33,399  INFO StandaloneMockMvcBuilder$StaticRequestMappingHandlerMapping:527 - Mapped "{[/login],methods=[GET]}" onto public java.lang.String com.ifox.springboottemplate.controller.HelloController.login()
2018-04-02 15:03:33,423  INFO RequestMappingHandlerAdapter:532 - Looking for @ControllerAdvice: org.springframework.test.web.servlet.setup.StubWebApplicationContext@62a4417
2018-04-02 15:03:33,468  INFO MockServletContext:443 - Initializing Spring FrameworkServlet ''
2018-04-02 15:03:33,468  INFO TestDispatcherServlet:489 - FrameworkServlet '': initialization started
2018-04-02 15:03:33,471  INFO TestDispatcherServlet:508 - FrameworkServlet '': initialization completed in 2 ms
2018-04-02 15:03:33,538  INFO TransactionContext:136 - Rolled back transaction for test context [DefaultTestContext@7ee3d262 testClass = SpringboottemplateApplicationTests, testInstance = com.ifox.springboottemplate.SpringboottemplateApplicationTests@396e6d9, testMethod = getHello@SpringboottemplateApplicationTests, testException = [null], mergedContextConfiguration = [MergedContextConfiguration@67440de6 testClass = SpringboottemplateApplicationTests, locations = '{}', classes = '{class com.ifox.springboottemplate.SpringboottemplateApplication}', contextInitializerClasses = '[]', activeProfiles = '{}', propertySourceLocations = '{}', propertySourceProperties = '{}', contextLoader = 'org.springframework.boot.test.SpringApplicationContextLoader', parent = [null]]].
2018-04-02 15:03:33,542  INFO AnnotationConfigApplicationContext:960 - Closing org.springframework.context.annotation.AnnotationConfigApplicationContext@1d082e88: startup date [Mon Apr 02 15:03:29 CST 2018]; root of context hierarchy
2018-04-02 15:03:51,454  INFO SpringboottemplateApplication:48 - Starting SpringboottemplateApplication on LAPTOP-H4L5Q8UD with PID 11008 (E:\IdeaProjects\SpringBootProjects\springboottemplate\target\classes started by 钟超 in E:\IdeaProjects\SpringBootProjects\springboottemplate)
2018-04-02 15:03:51,459  INFO SpringboottemplateApplication:664 - No active profile set, falling back to default profiles: default
2018-04-02 15:03:51,566  INFO AnnotationConfigEmbeddedWebApplicationContext:578 - Refreshing org.springframework.boot.context.embedded.AnnotationConfigEmbeddedWebApplicationContext@7ce6a65d: startup date [Mon Apr 02 15:03:51 CST 2018]; root of context hierarchy
2018-04-02 15:03:51,791  INFO Version:17 - HV000001: Hibernate Validator 5.2.2.Final
2018-04-02 15:03:52,440  INFO DefaultListableBeanFactory:839 - Overriding bean definition for bean 'beanNameViewResolver' with a different definition: replacing [Root bean: class [null]; scope=; abstract=false; lazyInit=false; autowireMode=3; dependencyCheck=0; autowireCandidate=true; primary=false; factoryBeanName=org.springframework.boot.autoconfigure.web.ErrorMvcAutoConfiguration$WhitelabelErrorViewConfiguration; factoryMethodName=beanNameViewResolver; initMethodName=null; destroyMethodName=(inferred); defined in class path resource [org/springframework/boot/autoconfigure/web/ErrorMvcAutoConfiguration$WhitelabelErrorViewConfiguration.class]] with [Root bean: class [null]; scope=; abstract=false; lazyInit=false; autowireMode=3; dependencyCheck=0; autowireCandidate=true; primary=false; factoryBeanName=org.springframework.boot.autoconfigure.web.WebMvcAutoConfiguration$WebMvcAutoConfigurationAdapter; factoryMethodName=beanNameViewResolver; initMethodName=null; destroyMethodName=(inferred); defined in class path resource [org/springframework/boot/autoconfigure/web/WebMvcAutoConfiguration$WebMvcAutoConfigurationAdapter.class]]
2018-04-02 15:03:52,677  INFO PostProcessorRegistrationDelegate$BeanPostProcessorChecker:328 - Bean 'org.springframework.transaction.annotation.ProxyTransactionManagementConfiguration' of type [class org.springframework.transaction.annotation.ProxyTransactionManagementConfiguration$$EnhancerBySpringCGLIB$$5f7a7330] is not eligible for getting processed by all BeanPostProcessors (for example: not eligible for auto-proxying)
2018-04-02 15:03:53,065  INFO TomcatEmbeddedServletContainer:81 - Tomcat initialized with port(s): 8080 (http)
2018-04-02 15:03:53,073  INFO StandardService:180 - Starting service Tomcat
2018-04-02 15:03:53,074  INFO StandardEngine:180 - Starting Servlet Engine: Apache Tomcat/8.0.30
2018-04-02 15:03:53,136  INFO [/]:180 - Initializing Spring embedded WebApplicationContext
2018-04-02 15:03:53,136  INFO ContextLoader:272 - Root WebApplicationContext: initialization completed in 1582 ms
2018-04-02 15:03:53,448  INFO FilterRegistrationBean:258 - Mapping filter: 'characterEncodingFilter' to: [/*]
2018-04-02 15:03:53,449  INFO FilterRegistrationBean:258 - Mapping filter: 'hiddenHttpMethodFilter' to: [/*]
2018-04-02 15:03:53,449  INFO FilterRegistrationBean:258 - Mapping filter: 'httpPutFormContentFilter' to: [/*]
2018-04-02 15:03:53,449  INFO FilterRegistrationBean:258 - Mapping filter: 'requestContextFilter' to: [/*]
2018-04-02 15:03:53,450  INFO DelegatingFilterProxyRegistrationBean:258 - Mapping filter: 'springSecurityFilterChain' to: [/*]
2018-04-02 15:03:53,451  INFO ServletRegistrationBean:189 - Mapping servlet: 'dispatcherServlet' to [/]
2018-04-02 15:03:53,787  INFO DefaultSecurityFilterChain:28 - Creating filter chain: org.springframework.security.web.util.matcher.AnyRequestMatcher@1, [org.springframework.security.web.context.request.async.WebAsyncManagerIntegrationFilter@43d22788, org.springframework.security.web.context.SecurityContextPersistenceFilter@492c0ca, org.springframework.security.web.header.HeaderWriterFilter@218a66dc, org.springframework.security.web.csrf.CsrfFilter@2df4904f, org.springframework.security.web.authentication.logout.LogoutFilter@48f7d5bc, org.springframework.security.web.authentication.UsernamePasswordAuthenticationFilter@59795995, org.springframework.security.web.savedrequest.RequestCacheAwareFilter@2cc41756, org.springframework.security.web.servletapi.SecurityContextHolderAwareRequestFilter@25cb9d15, org.springframework.security.web.authentication.AnonymousAuthenticationFilter@62a2235b, org.springframework.security.web.session.SessionManagementFilter@41afc744, org.springframework.security.web.access.ExceptionTranslationFilter@74605055, org.springframework.security.web.access.intercept.FilterSecurityInterceptor@44542499]
2018-04-02 15:03:54,273  INFO RequestMappingHandlerAdapter:532 - Looking for @ControllerAdvice: org.springframework.boot.context.embedded.AnnotationConfigEmbeddedWebApplicationContext@7ce6a65d: startup date [Mon Apr 02 15:03:51 CST 2018]; root of context hierarchy
2018-04-02 15:03:54,319  INFO RequestMappingHandlerMapping:527 - Mapped "{[/]}" onto public java.lang.String com.ifox.springboottemplate.controller.HelloController.index()
2018-04-02 15:03:54,319  INFO RequestMappingHandlerMapping:527 - Mapped "{[/hello]}" onto public java.lang.String com.ifox.springboottemplate.controller.HelloController.hello()
2018-04-02 15:03:54,319  INFO RequestMappingHandlerMapping:527 - Mapped "{[/login],methods=[GET]}" onto public java.lang.String com.ifox.springboottemplate.controller.HelloController.login()
2018-04-02 15:03:54,322  INFO RequestMappingHandlerMapping:527 - Mapped "{[/error]}" onto public org.springframework.http.ResponseEntity<java.util.Map<java.lang.String, java.lang.Object>> org.springframework.boot.autoconfigure.web.BasicErrorController.error(javax.servlet.http.HttpServletRequest)
2018-04-02 15:03:54,323  INFO RequestMappingHandlerMapping:527 - Mapped "{[/error],produces=[text/html]}" onto public org.springframework.web.servlet.ModelAndView org.springframework.boot.autoconfigure.web.BasicErrorController.errorHtml(javax.servlet.http.HttpServletRequest,javax.servlet.http.HttpServletResponse)
2018-04-02 15:03:54,349  INFO SimpleUrlHandlerMapping:341 - Mapped URL path [/webjars/**] onto handler of type [class org.springframework.web.servlet.resource.ResourceHttpRequestHandler]
2018-04-02 15:03:54,349  INFO SimpleUrlHandlerMapping:341 - Mapped URL path [/**] onto handler of type [class org.springframework.web.servlet.resource.ResourceHttpRequestHandler]
2018-04-02 15:03:54,374  INFO SimpleUrlHandlerMapping:341 - Mapped URL path [/**/favicon.ico] onto handler of type [class org.springframework.web.servlet.resource.ResourceHttpRequestHandler]
2018-04-02 15:03:54,624  INFO AnnotationMBeanExporter:431 - Registering beans for JMX exposure on startup
2018-04-02 15:03:54,646  INFO Http11NioProtocol:180 - Initializing ProtocolHandler ["http-nio-8080"]
2018-04-02 15:03:54,649  INFO Http11NioProtocol:180 - Starting ProtocolHandler ["http-nio-8080"]
2018-04-02 15:03:54,660  INFO NioSelectorPool:180 - Using a shared selector for servlet write/read
2018-04-02 15:03:54,671  INFO TomcatEmbeddedServletContainer:162 - Tomcat started on port(s): 8080 (http)
2018-04-02 15:03:54,674  INFO SpringboottemplateApplication:57 - Started SpringboottemplateApplication in 3.425 seconds (JVM running for 4.254)
2018-04-02 15:04:02,502  INFO [/]:180 - Initializing Spring FrameworkServlet 'dispatcherServlet'
2018-04-02 15:04:02,503  INFO DispatcherServlet:489 - FrameworkServlet 'dispatcherServlet': initialization started
2018-04-02 15:04:02,519  INFO DispatcherServlet:508 - FrameworkServlet 'dispatcherServlet': initialization completed in 16 ms
